<?xml version="1.0" encoding="UTF-8"?>
<testng-results ignored="0" total="2" passed="2" failed="0" skipped="0">
  <reporter-output>
  </reporter-output>
  <suite started-at="2025-01-15T22:56:33 EST" name="Default suite" finished-at="2025-01-15T22:57:56 EST" duration-ms="83197">
    <groups>
    </groups>
    <test started-at="2025-01-15T22:56:33 EST" name="Default test" finished-at="2025-01-15T22:57:56 EST" duration-ms="83197">
      <class name="com.facebook_loginTest.LoginTest">
        <test-method is-config="true" signature="openApplication()[pri:0, instance:com.facebook_loginTest.LoginTest@4c371370]" started-at="2025-01-15T22:56:33 EST" name="openApplication" finished-at="2025-01-15T22:57:47 EST" duration-ms="74191" status="PASS">
          <reporter-output>
          </reporter-output>
        </test-method> <!-- openApplication -->
        <test-method signature="invalidLoginTest()[pri:0, instance:com.facebook_loginTest.LoginTest@4c371370]" started-at="2025-01-15T22:57:47 EST" name="invalidLoginTest" finished-at="2025-01-15T22:57:48 EST" duration-ms="1281" status="PASS">
          <reporter-output>
          </reporter-output>
        </test-method> <!-- invalidLoginTest -->
        <test-method is-config="true" signature="closeApplication()[pri:0, instance:com.facebook_loginTest.LoginTest@4c371370]" started-at="2025-01-15T22:57:48 EST" name="closeApplication" finished-at="2025-01-15T22:57:48 EST" duration-ms="2" status="PASS">
          <reporter-output>
          </reporter-output>
        </test-method> <!-- closeApplication -->
        <test-method is-config="true" signature="openApplication()[pri:0, instance:com.facebook_loginTest.LoginTest@4c371370]" started-at="2025-01-15T22:57:48 EST" name="openApplication" finished-at="2025-01-15T22:57:54 EST" duration-ms="5923" status="PASS">
          <reporter-output>
          </reporter-output>
        </test-method> <!-- openApplication -->
        <test-method signature="validLoginTest()[pri:0, instance:com.facebook_loginTest.LoginTest@4c371370]" started-at="2025-01-15T22:57:54 EST" name="validLoginTest" finished-at="2025-01-15T22:57:56 EST" duration-ms="1689" status="PASS">
          <reporter-output>
          </reporter-output>
        </test-method> <!-- validLoginTest -->
        <test-method is-config="true" signature="closeApplication()[pri:0, instance:com.facebook_loginTest.LoginTest@4c371370]" started-at="2025-01-15T22:57:56 EST" name="closeApplication" finished-at="2025-01-15T22:57:56 EST" duration-ms="0" status="PASS">
          <reporter-output>
          </reporter-output>
        </test-method> <!-- closeApplication -->
      </class> <!-- com.facebook_loginTest.LoginTest -->
    </test> <!-- Default test -->
  </suite> <!-- Default suite -->
</testng-results>
