<?xml version="1.0" encoding="UTF-8"?>
<testng-results ignored="0" total="1" passed="1" failed="0" skipped="0">
  <reporter-output>
  </reporter-output>
  <suite started-at="2025-01-29T14:32:55 EST" name="Default suite" finished-at="2025-01-29T14:33:04 EST" duration-ms="9026">
    <groups>
    </groups>
    <test started-at="2025-01-29T14:32:55 EST" name="Default test" finished-at="2025-01-29T14:33:04 EST" duration-ms="9026">
      <class name="com.facebook_locators.DirectLocators">
        <test-method is-config="true" signature="openApplication()[pri:0, instance:com.facebook_locators.DirectLocators@799f10e1]" started-at="2025-01-29T14:32:55 EST" name="openApplication" finished-at="2025-01-29T14:33:00 EST" duration-ms="5480" status="PASS">
          <reporter-output>
          </reporter-output>
        </test-method> <!-- openApplication -->
        <test-method signature="idLocator()[pri:0, instance:com.facebook_locators.DirectLocators@799f10e1]" started-at="2025-01-29T14:33:00 EST" name="idLocator" finished-at="2025-01-29T14:33:04 EST" duration-ms="3432" status="PASS">
          <reporter-output>
          </reporter-output>
        </test-method> <!-- idLocator -->
        <test-method is-config="true" signature="closeApplication()[pri:0, instance:com.facebook_locators.DirectLocators@799f10e1]" started-at="2025-01-29T14:33:04 EST" name="closeApplication" finished-at="2025-01-29T14:33:04 EST" duration-ms="2" status="PASS">
          <reporter-output>
          </reporter-output>
        </test-method> <!-- closeApplication -->
      </class> <!-- com.facebook_locators.DirectLocators -->
    </test> <!-- Default test -->
  </suite> <!-- Default suite -->
</testng-results>
